
> clarityclear@0.1.0 dev
> next dev --turbopack -p 9002 -H 0.0.0.0

   [1m[38;2;173;127;168m▲ Next.js 15.3.3[39m[22m (Turbopack)
   - Local:        http://localhost:9002
   - Network:      http://0.0.0.0:9002
   - Environments: .env.local

 [32m[1m✓[22m[39m Starting...
 [32m[1m✓[22m[39m Ready in 856ms
 [37m[1m○[22m[39m Compiling / ...
 [32m[1m✓[22m[39m Compiled / in 2.4s
Image with src "https://placehold.co/600x400.png" has legacy prop "layout". Did you forget to run the codemod?
Read more: https://nextjs.org/docs/messages/next-image-upgrade-to-13
Image with src "https://placehold.co/600x400.png" has legacy prop "objectFit". Did you forget to run the codemod?
Read more: https://nextjs.org/docs/messages/next-image-upgrade-to-13
 HEAD / [32m200[39m in 2758ms
 GET / [32m200[39m in 101ms
 [33m[1m⚠[22m[39m Cross origin request detected from 100.73.114.121 to /_next/* resource. In a future major version of Next.js, you will need to explicitly configure "allowedDevOrigins" in next.config to allow this.
Read more: https://nextjs.org/docs/app/api-reference/config/next-config-js/allowedDevOrigins
 [32m[1m✓[22m[39m Compiled /favicon.ico in 373ms
 GET /favicon.ico?favicon.56766c03.ico [32m200[39m in 623ms
 [37m[1m○[22m[39m Compiling /services ...
 [32m[1m✓[22m[39m Compiled /services in 785ms
 GET /services [32m200[39m in 815ms
 GET /services [32m200[39m in 25ms
 [37m[1m○[22m[39m Compiling /gallery ...
 [32m[1m✓[22m[39m Compiled /gallery in 1017ms
 GET /gallery [32m200[39m in 1042ms
 GET / [32m200[39m in 27ms
 [37m[1m○[22m[39m Compiling /booking ...
 [32m[1m✓[22m[39m Compiled /booking in 969ms
 GET /booking [32m200[39m in 1005ms
 [37m[1m○[22m[39m Compiling /contact ...
 [32m[1m✓[22m[39m Compiled /contact in 818ms
 GET /contact [32m200[39m in 855ms
 GET /contact [32m200[39m in 32ms
 GET / [32m200[39m in 25ms
 GET /booking [32m200[39m in 32ms
 [37m[1m○[22m[39m Compiling /about ...
 [32m[1m✓[22m[39m Compiled /about in 808ms
 GET /about [32m200[39m in 830ms
 GET /about [32m200[39m in 38ms
 GET /gallery [32m200[39m in 25ms
 GET /services [32m200[39m in 25ms
